{"timestamp":"2026-03-02 06:43:40","type":"BOOKING_ATTEMPT","status":"INFO","data":{"first_name":"Tara Schroeder","last_name":"Aaron Lara","email":"waquwuruz@mailinator.com","date":"2026-03-05","time":"12:00 PM","service_id":"2"},"ip":"::1"}
{"timestamp":"2026-03-02 06:43:42","type":"API_CALL","status":"SUCCESS","data":{"endpoint":"booking","method":"POST","status_code":200,"response_size":209,"error":null},"ip":"::1"}
{"timestamp":"2026-03-02 06:43:42","type":"API_RESPONSE_DETAILED","status":"INFO","data":{"email":"waquwuruz@mailinator.com","raw":"{\"id\":100,\"ga_transaction\":{\"id\":\"8rsry7G53uo1pNMZFJCKsFEMs4FDXhGj\",\"affilation\":\"arafatweb\",\"revenue\":169.00},\"ga_item\":{\"id\":\"8rsry7G53uo1pNMZFJCKsFEMs4FDXhGj\",\"name\":\"Booking\",\"price\":169.00,\"quantity\":1}}\n","decoded":{"id":100,"ga_transaction":{"id":"8rsry7G53uo1pNMZFJCKsFEMs4FDXhGj","affilation":"arafatweb","revenue":169},"ga_item":{"id":"8rsry7G53uo1pNMZFJCKsFEMs4FDXhGj","name":"Booking","price":169,"quantity":1}}},"ip":"::1"}
{"timestamp":"2026-03-02 06:43:42","type":"BOOKING_RESPONSE","status":"INFO","data":{"decoded":{"id":100,"ga_transaction":{"id":"8rsry7G53uo1pNMZFJCKsFEMs4FDXhGj","affilation":"arafatweb","revenue":169},"ga_item":{"id":"8rsry7G53uo1pNMZFJCKsFEMs4FDXhGj","name":"Booking","price":169,"quantity":1}}},"ip":"::1"}
{"timestamp":"2026-03-02 06:43:45","type":"BOOKING_ATTEMPT","status":"INFO","data":{"first_name":"Tara Schroeder","last_name":"Aaron Lara","email":"waquwuruz@mailinator.com","date":"2026-03-05","time":"12:00 PM","service_id":"2"},"ip":"::1"}
{"timestamp":"2026-03-02 06:43:45","type":"API_CALL","status":"ERROR","data":{"endpoint":"booking","method":"POST","status_code":422,"response_size":70,"error":null},"ip":"::1"}
{"timestamp":"2026-03-02 06:43:45","type":"API_RESPONSE_DETAILED","status":"INFO","data":{"email":"waquwuruz@mailinator.com","raw":"{\"service_date\":[{\"type\":\"invalid\",\"message\":\"spot has been taken\"}]}\n","decoded":{"service_date":[{"type":"invalid","message":"spot has been taken"}]}},"ip":"::1"}
{"timestamp":"2026-03-02 06:43:45","type":"BOOKING_RESPONSE","status":"INFO","data":{"decoded":{"service_date":[{"type":"invalid","message":"spot has been taken"}]}},"ip":"::1"}
{"timestamp":"2026-03-02 06:44:00","type":"BOOKING_ATTEMPT","status":"INFO","data":{"first_name":"Tara Schroeder","last_name":"Aaron Lara","email":"waquwuruz@mailinator.com","date":"2026-03-05","time":"12:00 PM","service_id":"2"},"ip":"::1"}
{"timestamp":"2026-03-02 06:44:01","type":"API_CALL","status":"ERROR","data":{"endpoint":"booking","method":"POST","status_code":422,"response_size":70,"error":null},"ip":"::1"}
{"timestamp":"2026-03-02 06:44:01","type":"API_RESPONSE_DETAILED","status":"INFO","data":{"email":"waquwuruz@mailinator.com","raw":"{\"service_date\":[{\"type\":\"invalid\",\"message\":\"spot has been taken\"}]}\n","decoded":{"service_date":[{"type":"invalid","message":"spot has been taken"}]}},"ip":"::1"}
{"timestamp":"2026-03-02 06:44:01","type":"BOOKING_RESPONSE","status":"INFO","data":{"decoded":{"service_date":[{"type":"invalid","message":"spot has been taken"}]}},"ip":"::1"}
{"timestamp":"2026-03-02 07:26:29","type":"BOOKING_ATTEMPT","status":"INFO","data":{"first_name":"Anastasia Santana","last_name":"Fuller Williams","email":"tevapaduvu@mailinator.com","date":"2026-03-05","time":"10:00 AM","service_id":"1"},"ip":"::1"}
{"timestamp":"2026-03-02 07:26:30","type":"API_CALL","status":"SUCCESS","data":{"endpoint":"booking","method":"POST","status_code":200,"response_size":209,"error":null},"ip":"::1"}
{"timestamp":"2026-03-02 07:26:30","type":"API_RESPONSE_DETAILED","status":"INFO","data":{"email":"tevapaduvu@mailinator.com","raw":"{\"id\":133,\"ga_transaction\":{\"id\":\"pSf0XjgqUI10PiUTOtLyBnuaPrhxbnqb\",\"affilation\":\"arafatweb\",\"revenue\":149.00},\"ga_item\":{\"id\":\"pSf0XjgqUI10PiUTOtLyBnuaPrhxbnqb\",\"name\":\"Booking\",\"price\":149.00,\"quantity\":1}}\n","decoded":{"id":133,"ga_transaction":{"id":"pSf0XjgqUI10PiUTOtLyBnuaPrhxbnqb","affilation":"arafatweb","revenue":149},"ga_item":{"id":"pSf0XjgqUI10PiUTOtLyBnuaPrhxbnqb","name":"Booking","price":149,"quantity":1}}},"ip":"::1"}
{"timestamp":"2026-03-02 07:26:30","type":"BOOKING_RESPONSE","status":"INFO","data":{"decoded":{"id":133,"ga_transaction":{"id":"pSf0XjgqUI10PiUTOtLyBnuaPrhxbnqb","affilation":"arafatweb","revenue":149},"ga_item":{"id":"pSf0XjgqUI10PiUTOtLyBnuaPrhxbnqb","name":"Booking","price":149,"quantity":1}}},"ip":"::1"}
{"timestamp":"2026-03-02 07:28:27","type":"BOOKING_ATTEMPT","status":"INFO","data":{"first_name":"Anastasia Santana","last_name":"Fuller Williams","email":"tevapaduvu@mailinator.com","date":"2026-03-04","time":"8:00 AM","service_id":"1"},"ip":"::1"}
{"timestamp":"2026-03-02 07:28:28","type":"API_CALL","status":"SUCCESS","data":{"endpoint":"booking","method":"POST","status_code":200,"response_size":209,"error":null},"ip":"::1"}
{"timestamp":"2026-03-02 07:28:28","type":"API_RESPONSE_DETAILED","status":"INFO","data":{"email":"tevapaduvu@mailinator.com","raw":"{\"id\":134,\"ga_transaction\":{\"id\":\"wXA7wN6YXAOfsT2A2cQ5f7bgQ5hgYbTK\",\"affilation\":\"arafatweb\",\"revenue\":149.00},\"ga_item\":{\"id\":\"wXA7wN6YXAOfsT2A2cQ5f7bgQ5hgYbTK\",\"name\":\"Booking\",\"price\":149.00,\"quantity\":1}}\n","decoded":{"id":134,"ga_transaction":{"id":"wXA7wN6YXAOfsT2A2cQ5f7bgQ5hgYbTK","affilation":"arafatweb","revenue":149},"ga_item":{"id":"wXA7wN6YXAOfsT2A2cQ5f7bgQ5hgYbTK","name":"Booking","price":149,"quantity":1}}},"ip":"::1"}
{"timestamp":"2026-03-02 07:28:28","type":"BOOKING_RESPONSE","status":"INFO","data":{"decoded":{"id":134,"ga_transaction":{"id":"wXA7wN6YXAOfsT2A2cQ5f7bgQ5hgYbTK","affilation":"arafatweb","revenue":149},"ga_item":{"id":"wXA7wN6YXAOfsT2A2cQ5f7bgQ5hgYbTK","name":"Booking","price":149,"quantity":1}}},"ip":"::1"}
{"timestamp":"2026-03-02 07:30:51","type":"BOOKING_ATTEMPT","status":"INFO","data":{"first_name":"Anastasia Santana","last_name":"Fuller Williams","email":"tevapaduvu@mailinator.com","date":"2026-03-04","time":"8:00 AM","service_id":"1"},"ip":"::1"}
{"timestamp":"2026-03-02 07:30:52","type":"API_CALL","status":"ERROR","data":{"endpoint":"booking","method":"POST","status_code":422,"response_size":70,"error":null},"ip":"::1"}
{"timestamp":"2026-03-02 07:30:52","type":"API_RESPONSE_DETAILED","status":"INFO","data":{"email":"tevapaduvu@mailinator.com","raw":"{\"service_date\":[{\"type\":\"invalid\",\"message\":\"spot has been taken\"}]}\n","decoded":{"service_date":[{"type":"invalid","message":"spot has been taken"}]}},"ip":"::1"}
{"timestamp":"2026-03-02 07:30:52","type":"BOOKING_RESPONSE","status":"INFO","data":{"decoded":{"service_date":[{"type":"invalid","message":"spot has been taken"}]}},"ip":"::1"}
{"timestamp":"2026-03-02 07:40:43","type":"API_CALL","status":"SUCCESS","data":{"endpoint":"booking\/services","method":"GET","status_code":200,"response_size":104565,"error":null},"ip":"::1"}
{"timestamp":"2026-03-02 07:41:28","type":"API_CALL","status":"SUCCESS","data":{"endpoint":"booking\/services","method":"GET","status_code":200,"response_size":104565,"error":null},"ip":"::1"}
{"timestamp":"2026-03-02 07:41:59","type":"API_CALL","status":"SUCCESS","data":{"endpoint":"booking\/services","method":"GET","status_code":200,"response_size":104565,"error":null},"ip":"::1"}
{"timestamp":"2026-03-02 08:09:11","type":"BOOKING_ATTEMPT","status":"INFO","data":{"first_name":"Anastasia Santana","last_name":"Fuller Williams","email":"tevapaduvu@mailinator.com","date":"2026-03-04","time":"8:00 AM","service_id":"1"},"ip":"::1"}
{"timestamp":"2026-03-02 08:09:12","type":"API_CALL","status":"ERROR","data":{"endpoint":"booking","method":"POST","status_code":422,"response_size":70,"error":null},"ip":"::1"}
{"timestamp":"2026-03-02 08:09:12","type":"API_RESPONSE_DETAILED","status":"INFO","data":{"email":"tevapaduvu@mailinator.com","raw":"{\"service_date\":[{\"type\":\"invalid\",\"message\":\"spot has been taken\"}]}\n","decoded":{"service_date":[{"type":"invalid","message":"spot has been taken"}]}},"ip":"::1"}
{"timestamp":"2026-03-02 08:09:12","type":"BOOKING_RESPONSE","status":"INFO","data":{"decoded":{"service_date":[{"type":"invalid","message":"spot has been taken"}]}},"ip":"::1"}
{"timestamp":"2026-03-02 08:09:33","type":"BOOKING_ATTEMPT","status":"INFO","data":{"first_name":"Lana Castro","last_name":"Burton Hines","email":"qavuv@mailinator.com","date":"2026-03-20","time":"8:00 AM","service_id":"2"},"ip":"::1"}
{"timestamp":"2026-03-02 08:09:34","type":"API_CALL","status":"SUCCESS","data":{"endpoint":"booking","method":"POST","status_code":200,"response_size":209,"error":null},"ip":"::1"}
{"timestamp":"2026-03-02 08:09:34","type":"API_RESPONSE_DETAILED","status":"INFO","data":{"email":"qavuv@mailinator.com","raw":"{\"id\":135,\"ga_transaction\":{\"id\":\"9EfDqFMGevtgd4uhZjSr8YAYZEfMCVJo\",\"affilation\":\"arafatweb\",\"revenue\":169.00},\"ga_item\":{\"id\":\"9EfDqFMGevtgd4uhZjSr8YAYZEfMCVJo\",\"name\":\"Booking\",\"price\":169.00,\"quantity\":1}}\n","decoded":{"id":135,"ga_transaction":{"id":"9EfDqFMGevtgd4uhZjSr8YAYZEfMCVJo","affilation":"arafatweb","revenue":169},"ga_item":{"id":"9EfDqFMGevtgd4uhZjSr8YAYZEfMCVJo","name":"Booking","price":169,"quantity":1}}},"ip":"::1"}
{"timestamp":"2026-03-02 08:09:34","type":"BOOKING_RESPONSE","status":"INFO","data":{"decoded":{"id":135,"ga_transaction":{"id":"9EfDqFMGevtgd4uhZjSr8YAYZEfMCVJo","affilation":"arafatweb","revenue":169},"ga_item":{"id":"9EfDqFMGevtgd4uhZjSr8YAYZEfMCVJo","name":"Booking","price":169,"quantity":1}}},"ip":"::1"}
{"timestamp":"2026-03-02 08:25:18","type":"BOOKING_ATTEMPT","status":"INFO","data":{"first_name":"Leandra Clemons","last_name":"Macey Marshall","email":"nyxisahol@mailinator.com","date":"2026-03-10","time":"10:00 AM","service_id":"2"},"ip":"::1"}
{"timestamp":"2026-03-02 08:25:20","type":"API_CALL","status":"SUCCESS","data":{"endpoint":"booking","method":"POST","status_code":200,"response_size":209,"error":null},"ip":"::1"}
{"timestamp":"2026-03-02 08:25:20","type":"API_RESPONSE_DETAILED","status":"INFO","data":{"email":"nyxisahol@mailinator.com","raw":"{\"id\":136,\"ga_transaction\":{\"id\":\"SxGNgvMgPeQxJtBnXUGa8j3R7zgMFPil\",\"affilation\":\"arafatweb\",\"revenue\":169.00},\"ga_item\":{\"id\":\"SxGNgvMgPeQxJtBnXUGa8j3R7zgMFPil\",\"name\":\"Booking\",\"price\":169.00,\"quantity\":1}}\n","decoded":{"id":136,"ga_transaction":{"id":"SxGNgvMgPeQxJtBnXUGa8j3R7zgMFPil","affilation":"arafatweb","revenue":169},"ga_item":{"id":"SxGNgvMgPeQxJtBnXUGa8j3R7zgMFPil","name":"Booking","price":169,"quantity":1}}},"ip":"::1"}
{"timestamp":"2026-03-02 08:25:20","type":"BOOKING_SUCCESS","status":"SUCCESS","data":{"booking_id":136,"amount":169},"ip":"::1"}
